########### array before sorts ###########
0	50.800000	50.800000	60.960000	50.800000	n
1	111.760000	50.800000	121.920000	50.800000	n
2	111.760000	50.800000	111.760000	5.080000	n
3	111.760000	5.080000	60.960000	5.080000	n
4	60.960000	5.080000	60.960000	50.800000	n
5	50.800000	50.800000	52.011678	60.003605	n
6	52.011678	60.003605	55.564137	68.580000	n
7	55.564137	68.580000	61.215283	75.944717	n
8	61.215283	75.944717	68.580000	81.595863	n
9	68.580000	81.595863	77.156395	85.148322	n
10	77.156395	85.148322	86.360000	86.360000	n
11	86.360000	86.360000	95.563605	85.148322	n
12	95.563605	85.148322	104.140000	81.595863	n
13	104.140000	81.595863	111.504717	75.944717	n
14	111.504717	75.944717	117.155863	68.580000	n
15	117.155863	68.580000	120.708322	60.003605	n
16	120.708322	60.003605	121.920000	50.800000	n
Tolerance=0.050000.
*Exact match for i=0 and j=4.
*i point 50.800000	50.800000	60.960000	50.800000	y
	*Before flip 	60.960000	5.080000	60.960000	50.800000	y
	*After flip 	60.960000	50.800000	60.960000	5.080000	y
*Exact match for i=1 and j=3.
*i point 60.960000	50.800000	60.960000	5.080000	y
	*Before flip 	111.760000	5.080000	60.960000	5.080000	y
	*After flip 	60.960000	5.080000	111.760000	5.080000	y
*Exact match for i=2 and j=3.
*i point 60.960000	5.080000	111.760000	5.080000	y
	*Before flip 	111.760000	50.800000	111.760000	5.080000	y
	*After flip 	111.760000	5.080000	111.760000	50.800000	y
*Exact match for i=3 and j=4.
*i point 111.760000	5.080000	111.760000	50.800000	y
*Exact match for i=4 and j=16.
*i point 111.760000	50.800000	121.920000	50.800000	y
	*Before flip 	120.708322	60.003605	121.920000	50.800000	y
	*After flip 	121.920000	50.800000	120.708322	60.003605	y
*Exact match for i=5 and j=15.
*i point 121.920000	50.800000	120.708322	60.003605	y
	*Before flip 	117.155863	68.580000	120.708322	60.003605	y
	*After flip 	120.708322	60.003605	117.155863	68.580000	y
*Exact match for i=6 and j=14.
*i point 120.708322	60.003605	117.155863	68.580000	y
	*Before flip 	111.504717	75.944717	117.155863	68.580000	y
	*After flip 	117.155863	68.580000	111.504717	75.944717	y
*Exact match for i=7 and j=13.
*i point 117.155863	68.580000	111.504717	75.944717	y
	*Before flip 	104.140000	81.595863	111.504717	75.944717	y
	*After flip 	111.504717	75.944717	104.140000	81.595863	y
*Exact match for i=8 and j=12.
*i point 111.504717	75.944717	104.140000	81.595863	y
	*Before flip 	95.563605	85.148322	104.140000	81.595863	y
	*After flip 	104.140000	81.595863	95.563605	85.148322	y
*Exact match for i=9 and j=11.
*i point 104.140000	81.595863	95.563605	85.148322	y
	*Before flip 	86.360000	86.360000	95.563605	85.148322	y
	*After flip 	95.563605	85.148322	86.360000	86.360000	y
*Exact match for i=10 and j=11.
*i point 95.563605	85.148322	86.360000	86.360000	y
	*Before flip 	77.156395	85.148322	86.360000	86.360000	y
	*After flip 	86.360000	86.360000	77.156395	85.148322	y
*Exact match for i=11 and j=12.
*i point 86.360000	86.360000	77.156395	85.148322	y
	*Before flip 	68.580000	81.595863	77.156395	85.148322	y
	*After flip 	77.156395	85.148322	68.580000	81.595863	y
*Exact match for i=12 and j=13.
*i point 77.156395	85.148322	68.580000	81.595863	y
	*Before flip 	61.215283	75.944717	68.580000	81.595863	y
	*After flip 	68.580000	81.595863	61.215283	75.944717	y
*Exact match for i=13 and j=14.
*i point 68.580000	81.595863	61.215283	75.944717	y
	*Before flip 	55.564137	68.580000	61.215283	75.944717	y
	*After flip 	61.215283	75.944717	55.564137	68.580000	y
*Exact match for i=14 and j=15.
*i point 61.215283	75.944717	55.564137	68.580000	y
	*Before flip 	52.011678	60.003605	55.564137	68.580000	y
	*After flip 	55.564137	68.580000	52.011678	60.003605	y
*Exact match for i=15 and j=16.
*i point 55.564137	68.580000	52.011678	60.003605	y
	*Before flip 	50.800000	50.800000	52.011678	60.003605	y
	*After flip 	52.011678	60.003605	50.800000	50.800000	y
########### array after sorts ###########
0	50.800000	50.800000	60.960000	50.800000	y
1	60.960000	50.800000	60.960000	5.080000	y
2	60.960000	5.080000	111.760000	5.080000	y
3	111.760000	5.080000	111.760000	50.800000	y
4	111.760000	50.800000	121.920000	50.800000	y
5	121.920000	50.800000	120.708322	60.003605	y
6	120.708322	60.003605	117.155863	68.580000	y
7	117.155863	68.580000	111.504717	75.944717	y
8	111.504717	75.944717	104.140000	81.595863	y
9	104.140000	81.595863	95.563605	85.148322	y
10	95.563605	85.148322	86.360000	86.360000	y
11	86.360000	86.360000	77.156395	85.148322	y
12	77.156395	85.148322	68.580000	81.595863	y
13	68.580000	81.595863	61.215283	75.944717	y
14	61.215283	75.944717	55.564137	68.580000	y
15	55.564137	68.580000	52.011678	60.003605	y
16	52.011678	60.003605	50.800000	50.800000	y
***************
.BOARD_OUTLINE UNOWNED
1
0     50.800000     50.800000     0
0     60.960000     50.800000     0
0     60.960000     5.080000     0
0     111.760000     5.080000     0
0     111.760000     50.800000     0
0     121.920000     50.800000     0
0     120.708322     60.003605     0
0     117.155863     68.580000     0
0     111.504717     75.944717     0
0     104.140000     81.595863     0
0     95.563605     85.148322     0
0     86.360000     86.360000     0
0     77.156395     85.148322     0
0     68.580000     81.595863     0
0     61.215283     75.944717     0
0     55.564137     68.580000     0
0     52.011678     60.003605     0
0     50.800000     50.800000     0
